<?xml version="1.0" encoding="UTF-8"?>
<!-- Generated by org.testng.reporters.JUnitReportReporter -->
<testsuite hostname="WINDOWS-G35S0S0" failures="0" tests="1" name="com.cucumber.cucumber" time="47.787" errors="0" timestamp="2023-03-15T09:39:12 IST" skipped="0">
  <testcase classname="com.cucumber.cucumber" name="browserLaunch" time="47.787"/>
  <system-out/>
</testsuite> <!-- com.cucumber.cucumber -->
